worker run
parseCmdArg
loadUserFile
init
readInput
Sender: connect all server success
performSuperstep
sent WM_BEGIN
Receiver: accept all client success
received MW_BEGIN
-----------------------------------------
superstep: 0
sent WW_NODEMSGLIST, 5712 msgs to worker[1]
sent WW_NODEMSGLIST, 5283 msgs to worker[2]
sent WW_NODEMSGLIST, 5272 msgs to worker[3]
sent WW_FINISHSENDNODEMSG to worker[1]
sent WW_FINISHSENDNODEMSG to worker[2]
sent WW_FINISHSENDNODEMSG to worker[3]
received all WW_NODEMSGLIST && WW_FINISHNODEMSG
sent WM_CURSSFINISH
received MW_NEXTSSSTART
-----------------------------------------
superstep: 1
sent WW_NODEMSGLIST, 5712 msgs to worker[1]
sent WW_NODEMSGLIST, 5283 msgs to worker[2]
sent WW_NODEMSGLIST, 5272 msgs to worker[3]
sent WW_FINISHSENDNODEMSG to worker[3]
sent WW_FINISHSENDNODEMSG to worker[1]
sent WW_FINISHSENDNODEMSG to worker[2]
received all WW_NODEMSGLIST && WW_FINISHNODEMSG
sent WM_CURSSFINISH
received MW_NEXTSSSTART
-----------------------------------------
superstep: 2
sent WW_NODEMSGLIST, 5712 msgs to worker[1]
sent WW_NODEMSGLIST, 5283 msgs to worker[2]
sent WW_NODEMSGLIST, 5272 msgs to worker[3]
sent WW_FINISHSENDNODEMSG to worker[2]
sent WW_FINISHSENDNODEMSG to worker[3]
sent WW_FINISHSENDNODEMSG to worker[1]
received all WW_NODEMSGLIST && WW_FINISHNODEMSG
sent WM_CURSSFINISH
received MW_NEXTSSSTART
-----------------------------------------
superstep: 3
sent WW_NODEMSGLIST, 5712 msgs to worker[1]
sent WW_NODEMSGLIST, 5283 msgs to worker[2]
sent WW_NODEMSGLIST, 5272 msgs to worker[3]
sent WW_FINISHSENDNODEMSG to worker[2]
sent WW_FINISHSENDNODEMSG to worker[3]
sent WW_FINISHSENDNODEMSG to worker[1]
received all WW_NODEMSGLIST && WW_FINISHNODEMSG
sent WM_CURSSFINISH
received MW_NEXTSSSTART
-----------------------------------------
superstep: 4
sent WW_NODEMSGLIST, 5712 msgs to worker[1]
sent WW_NODEMSGLIST, 5283 msgs to worker[2]
sent WW_NODEMSGLIST, 5272 msgs to worker[3]
sent WW_FINISHSENDNODEMSG to worker[3]
sent WW_FINISHSENDNODEMSG to worker[1]
sent WW_FINISHSENDNODEMSG to worker[2]
received all WW_NODEMSGLIST && WW_FINISHNODEMSG
sent WM_CURSSFINISH
received MW_NEXTSSSTART
-----------------------------------------
superstep: 5
sent WW_NODEMSGLIST, 5712 msgs to worker[1]
sent WW_NODEMSGLIST, 5283 msgs to worker[2]
sent WW_NODEMSGLIST, 5272 msgs to worker[3]
sent WW_FINISHSENDNODEMSG to worker[1]
sent WW_FINISHSENDNODEMSG to worker[2]
sent WW_FINISHSENDNODEMSG to worker[3]
received all WW_NODEMSGLIST && WW_FINISHNODEMSG
sent WM_CURSSFINISH
received MW_NEXTSSSTART
-----------------------------------------
superstep: 6
sent WW_NODEMSGLIST, 5712 msgs to worker[1]
sent WW_NODEMSGLIST, 5283 msgs to worker[2]
sent WW_NODEMSGLIST, 5272 msgs to worker[3]
sent WW_FINISHSENDNODEMSG to worker[3]
sent WW_FINISHSENDNODEMSG to worker[1]
sent WW_FINISHSENDNODEMSG to worker[2]
received all WW_NODEMSGLIST && WW_FINISHNODEMSG
sent WM_CURSSFINISH
received MW_NEXTSSSTART
-----------------------------------------
superstep: 7
sent WW_NODEMSGLIST, 5712 msgs to worker[1]
sent WW_NODEMSGLIST, 5283 msgs to worker[2]
sent WW_NODEMSGLIST, 5272 msgs to worker[3]
sent WW_FINISHSENDNODEMSG to worker[3]
sent WW_FINISHSENDNODEMSG to worker[1]
sent WW_FINISHSENDNODEMSG to worker[2]
received all WW_NODEMSGLIST && WW_FINISHNODEMSG
sent WM_CURSSFINISH
received MW_NEXTSSSTART
-----------------------------------------
superstep: 8
sent WW_NODEMSGLIST, 5712 msgs to worker[1]
sent WW_NODEMSGLIST, 5283 msgs to worker[2]
sent WW_NODEMSGLIST, 5272 msgs to worker[3]
sent WW_FINISHSENDNODEMSG to worker[2]
sent WW_FINISHSENDNODEMSG to worker[3]
sent WW_FINISHSENDNODEMSG to worker[1]
received all WW_NODEMSGLIST && WW_FINISHNODEMSG
sent WM_CURSSFINISH
received MW_NEXTSSSTART
-----------------------------------------
superstep: 9
sent WW_NODEMSGLIST, 5712 msgs to worker[1]
sent WW_NODEMSGLIST, 5283 msgs to worker[2]
sent WW_NODEMSGLIST, 5272 msgs to worker[3]
sent WW_FINISHSENDNODEMSG to worker[3]
sent WW_FINISHSENDNODEMSG to worker[1]
sent WW_FINISHSENDNODEMSG to worker[2]
received all WW_NODEMSGLIST && WW_FINISHNODEMSG
sent WM_CURSSFINISH
received MW_NEXTSSSTART
-----------------------------------------
superstep: 10
sent WW_NODEMSGLIST, 5712 msgs to worker[1]
sent WW_NODEMSGLIST, 5283 msgs to worker[2]
sent WW_NODEMSGLIST, 5272 msgs to worker[3]
sent WW_FINISHSENDNODEMSG to worker[1]
sent WW_FINISHSENDNODEMSG to worker[2]
sent WW_FINISHSENDNODEMSG to worker[3]
received all WW_NODEMSGLIST && WW_FINISHNODEMSG
sent WM_CURSSFINISH
received MW_NEXTSSSTART
-----------------------------------------
superstep: 11
sent WW_NODEMSGLIST, 5712 msgs to worker[1]
sent WW_NODEMSGLIST, 5283 msgs to worker[2]
sent WW_NODEMSGLIST, 5272 msgs to worker[3]
sent WW_FINISHSENDNODEMSG to worker[2]
sent WW_FINISHSENDNODEMSG to worker[3]
sent WW_FINISHSENDNODEMSG to worker[1]
received all WW_NODEMSGLIST && WW_FINISHNODEMSG
sent WM_CURSSFINISH
received MW_NEXTSSSTART
-----------------------------------------
superstep: 12
sent WW_NODEMSGLIST, 5712 msgs to worker[1]
sent WW_NODEMSGLIST, 5283 msgs to worker[2]
sent WW_NODEMSGLIST, 5272 msgs to worker[3]
sent WW_FINISHSENDNODEMSG to worker[1]
sent WW_FINISHSENDNODEMSG to worker[2]
sent WW_FINISHSENDNODEMSG to worker[3]
received all WW_NODEMSGLIST && WW_FINISHNODEMSG
sent WM_CURSSFINISH
received MW_NEXTSSSTART
-----------------------------------------
superstep: 13
sent WW_NODEMSGLIST, 5712 msgs to worker[1]
sent WW_NODEMSGLIST, 5283 msgs to worker[2]
sent WW_NODEMSGLIST, 5272 msgs to worker[3]
sent WW_FINISHSENDNODEMSG to worker[3]
sent WW_FINISHSENDNODEMSG to worker[1]
sent WW_FINISHSENDNODEMSG to worker[2]
received all WW_NODEMSGLIST && WW_FINISHNODEMSG
sent WM_CURSSFINISH
received MW_NEXTSSSTART
-----------------------------------------
superstep: 14
sent WW_NODEMSGLIST, 5712 msgs to worker[1]
sent WW_NODEMSGLIST, 5283 msgs to worker[2]
sent WW_NODEMSGLIST, 5272 msgs to worker[3]
sent WW_FINISHSENDNODEMSG to worker[2]
sent WW_FINISHSENDNODEMSG to worker[3]
sent WW_FINISHSENDNODEMSG to worker[1]
received all WW_NODEMSGLIST && WW_FINISHNODEMSG
sent WM_CURSSFINISH
received MW_NEXTSSSTART
-----------------------------------------
superstep: 15
sent WW_NODEMSGLIST, 5712 msgs to worker[1]
sent WW_NODEMSGLIST, 5283 msgs to worker[2]
sent WW_NODEMSGLIST, 5272 msgs to worker[3]
sent WW_FINISHSENDNODEMSG to worker[2]
sent WW_FINISHSENDNODEMSG to worker[3]
sent WW_FINISHSENDNODEMSG to worker[1]
received all WW_NODEMSGLIST && WW_FINISHNODEMSG
sent WM_CURSSFINISH
received MW_NEXTSSSTART
-----------------------------------------
superstep: 16
sent WW_NODEMSGLIST, 5712 msgs to worker[1]
sent WW_NODEMSGLIST, 5283 msgs to worker[2]
sent WW_NODEMSGLIST, 5272 msgs to worker[3]
sent WW_FINISHSENDNODEMSG to worker[1]
sent WW_FINISHSENDNODEMSG to worker[2]
sent WW_FINISHSENDNODEMSG to worker[3]
received all WW_NODEMSGLIST && WW_FINISHNODEMSG
sent WM_CURSSFINISH
received MW_NEXTSSSTART
-----------------------------------------
superstep: 17
sent WW_NODEMSGLIST, 5712 msgs to worker[1]
sent WW_NODEMSGLIST, 5283 msgs to worker[2]
sent WW_NODEMSGLIST, 5272 msgs to worker[3]
sent WW_FINISHSENDNODEMSG to worker[1]
sent WW_FINISHSENDNODEMSG to worker[2]
sent WW_FINISHSENDNODEMSG to worker[3]
received all WW_NODEMSGLIST && WW_FINISHNODEMSG
sent WM_CURSSFINISH
received MW_NEXTSSSTART
-----------------------------------------
superstep: 18
sent WW_NODEMSGLIST, 5712 msgs to worker[1]
sent WW_NODEMSGLIST, 5283 msgs to worker[2]
sent WW_NODEMSGLIST, 5272 msgs to worker[3]
sent WW_FINISHSENDNODEMSG to worker[1]
sent WW_FINISHSENDNODEMSG to worker[2]
sent WW_FINISHSENDNODEMSG to worker[3]
received all WW_NODEMSGLIST && WW_FINISHNODEMSG
sent WM_CURSSFINISH
received MW_NEXTSSSTART
-----------------------------------------
superstep: 19
sent WW_NODEMSGLIST, 5712 msgs to worker[1]
sent WW_NODEMSGLIST, 5283 msgs to worker[2]
sent WW_NODEMSGLIST, 5272 msgs to worker[3]
sent WW_FINISHSENDNODEMSG to worker[3]
sent WW_FINISHSENDNODEMSG to worker[1]
sent WW_FINISHSENDNODEMSG to worker[2]
received all WW_NODEMSGLIST && WW_FINISHNODEMSG
sent WM_CURSSFINISH
received MW_NEXTSSSTART
-----------------------------------------
superstep: 20
sent WW_NODEMSGLIST, 5712 msgs to worker[1]
sent WW_NODEMSGLIST, 5283 msgs to worker[2]
sent WW_NODEMSGLIST, 5272 msgs to worker[3]
sent WW_FINISHSENDNODEMSG to worker[1]
sent WW_FINISHSENDNODEMSG to worker[2]
sent WW_FINISHSENDNODEMSG to worker[3]
received all WW_NODEMSGLIST && WW_FINISHNODEMSG
sent WM_CURSSFINISH
received MW_NEXTSSSTART
-----------------------------------------
superstep: 21
sent WW_NODEMSGLIST, 5712 msgs to worker[1]
sent WW_NODEMSGLIST, 5283 msgs to worker[2]
sent WW_NODEMSGLIST, 5272 msgs to worker[3]
sent WW_FINISHSENDNODEMSG to worker[2]
sent WW_FINISHSENDNODEMSG to worker[3]
sent WW_FINISHSENDNODEMSG to worker[1]
received all WW_NODEMSGLIST && WW_FINISHNODEMSG
sent WM_CURSSFINISH
received MW_NEXTSSSTART
-----------------------------------------
superstep: 22
sent WW_NODEMSGLIST, 5712 msgs to worker[1]
sent WW_NODEMSGLIST, 5283 msgs to worker[2]
sent WW_NODEMSGLIST, 5272 msgs to worker[3]
sent WW_FINISHSENDNODEMSG to worker[1]
sent WW_FINISHSENDNODEMSG to worker[2]
sent WW_FINISHSENDNODEMSG to worker[3]
received all WW_NODEMSGLIST && WW_FINISHNODEMSG
sent WM_CURSSFINISH
received MW_NEXTSSSTART
-----------------------------------------
superstep: 23
sent WW_NODEMSGLIST, 5712 msgs to worker[1]
sent WW_NODEMSGLIST, 5283 msgs to worker[2]
sent WW_NODEMSGLIST, 5272 msgs to worker[3]
sent WW_FINISHSENDNODEMSG to worker[2]
sent WW_FINISHSENDNODEMSG to worker[3]
sent WW_FINISHSENDNODEMSG to worker[1]
received all WW_NODEMSGLIST && WW_FINISHNODEMSG
sent WM_CURSSFINISH
received MW_NEXTSSSTART
-----------------------------------------
superstep: 24
sent WW_NODEMSGLIST, 5712 msgs to worker[1]
sent WW_NODEMSGLIST, 5283 msgs to worker[2]
sent WW_NODEMSGLIST, 5272 msgs to worker[3]
sent WW_FINISHSENDNODEMSG to worker[3]
sent WW_FINISHSENDNODEMSG to worker[1]
sent WW_FINISHSENDNODEMSG to worker[2]
received all WW_NODEMSGLIST && WW_FINISHNODEMSG
sent WM_CURSSFINISH
received MW_NEXTSSSTART
-----------------------------------------
superstep: 25
sent WW_NODEMSGLIST, 5712 msgs to worker[1]
sent WW_NODEMSGLIST, 5283 msgs to worker[2]
sent WW_NODEMSGLIST, 5272 msgs to worker[3]
sent WW_FINISHSENDNODEMSG to worker[2]
sent WW_FINISHSENDNODEMSG to worker[3]
sent WW_FINISHSENDNODEMSG to worker[1]
received all WW_NODEMSGLIST && WW_FINISHNODEMSG
sent WM_CURSSFINISH
received MW_NEXTSSSTART
-----------------------------------------
superstep: 26
sent WW_NODEMSGLIST, 5712 msgs to worker[1]
sent WW_NODEMSGLIST, 5283 msgs to worker[2]
sent WW_NODEMSGLIST, 5272 msgs to worker[3]
sent WW_FINISHSENDNODEMSG to worker[3]
sent WW_FINISHSENDNODEMSG to worker[1]
sent WW_FINISHSENDNODEMSG to worker[2]
received all WW_NODEMSGLIST && WW_FINISHNODEMSG
sent WM_CURSSFINISH
received MW_NEXTSSSTART
-----------------------------------------
superstep: 27
sent WW_FINISHSENDNODEMSG to worker[1]
sent WW_FINISHSENDNODEMSG to worker[2]
sent WW_FINISHSENDNODEMSG to worker[3]
received all WW_NODEMSGLIST && WW_FINISHNODEMSG
sent WM_CURSSFINISH
received MW_END
sent WM_END
writeOutput
terminate
Receiver: closeAllSocket
Sender: closeAllSocket
